Loading required package: terra
terra 1.8.54
Loading required package: rjson
Loading required package: geojsonR
Loading required package: foreach
Loading required package: doParallel
Loading required package: iterators
Loading required package: parallel
Loading required package: sf
Linking to GEOS 3.13.0, GDAL 3.8.5, PROJ 9.5.1; sf_use_s2() is TRUE
Loading required package: dplyr

Attaching package: ‘dplyr’

The following objects are masked from ‘package:terra’:

    intersect, union

The following objects are masked from ‘package:stats’:

    filter, lag

The following objects are masked from ‘package:base’:

    intersect, setdiff, setequal, union

Loading required package: tidyr

Attaching package: ‘tidyr’

The following object is masked from ‘package:terra’:

    extract

Loading required package: mapview

Execution halted
